<?xml version="1.0" encoding="UTF-8"?>
<!-- Generated by org.testng.reporters.JUnitReportReporter -->
<testsuite hostname="DESKTOP-4NVERM4" failures="0" tests="1" name="testCase.runZoomInfoOption3" time="20.192" errors="0" timestamp="2022-06-05T14:27:53 IST" skipped="0">
  <testcase classname="testCase.runZoomInfoOption3" name="runtestcases" time="20.192"/>
  <system-out/>
</testsuite> <!-- testCase.runZoomInfoOption3 -->
