<?xml version="1.0" encoding="UTF-8"?>
<!-- Generated by org.testng.reporters.JUnitReportReporter -->
<testsuite hostname="DESKTOP-4NVERM4" failures="0" tests="1" name="testCase.runZoomInfo" time="35.642" errors="0" timestamp="2022-06-05T14:27:53 IST" skipped="0">
  <testcase classname="testCase.runZoomInfo" name="runtestcases" time="35.642"/>
  <system-out/>
</testsuite> <!-- testCase.runZoomInfo -->
