<?xml version="1.0" encoding="UTF-8"?>
<!-- Generated by org.testng.reporters.JUnitReportReporter -->
<testsuite hostname="DESKTOP-4NVERM4" failures="0" tests="1" name="testCase.RunZoomInfoOption3" time="21.302" errors="0" timestamp="2022-06-13T20:08:29 IST" skipped="0">
  <testcase classname="testCase.RunZoomInfoOption3" name="runtestcases" time="21.302"/>
  <system-out/>
</testsuite> <!-- testCase.RunZoomInfoOption3 -->
