<?xml version="1.0" encoding="UTF-8"?>
<!-- Generated by org.testng.reporters.JUnitReportReporter -->
<testsuite hostname="DESKTOP-4NVERM4" failures="0" tests="1" name="testCase.RunZoomInfoOption2" time="33.974" errors="0" timestamp="2022-06-13T20:08:29 IST" skipped="0">
  <testcase classname="testCase.RunZoomInfoOption2" name="runtestcases" time="33.974"/>
  <system-out/>
</testsuite> <!-- testCase.RunZoomInfoOption2 -->
