<?xml version="1.0" encoding="UTF-8"?>
<!-- Generated by org.testng.reporters.JUnitReportReporter -->
<testsuite hostname="DESKTOP-4NVERM4" failures="0" tests="1" name="testCase.RunZoomInfoOption1Flow2" time="23.708" errors="0" timestamp="2022-06-13T20:08:29 IST" skipped="0">
  <testcase classname="testCase.RunZoomInfoOption1Flow2" name="runtestcases" time="23.708"/>
  <system-out/>
</testsuite> <!-- testCase.RunZoomInfoOption1Flow2 -->
